<?xml version="1.0" encoding="UTF-8"?>
<!-- Generated by org.testng.reporters.JUnitReportReporter -->
<testsuite skipped="1" hostname="DESKTOP-6UHVP5N" name="TestNG.ApkAppInfo" tests="2" failures="0" timestamp="19 May 2020 09:48:02 GMT" time="6.371" errors="1">
  <testcase name="beforeMethod" time="6.371" classname="TestNG.ApkAppInfo">
    <error type="org.openqa.selenium.SessionNotCreatedException" message="Unable to create a new remote session. Please check the server log for more details. Original error: An unknown server-side error occurred while processing the command. Original error: Cannot start the &#039;com.cisco.webex.meetings&#039; application. Visit https://github.com/appium/appium/blob/master/docs/en/writing-running-appium/android/activity-startup.md for troubleshooting. Original error: Error executing adbExec. Original error: &#039;Command &#039;C:\\Users\\iamsh\\AppData\\Local\\Android\\Sdk\\platform-tools\\adb.exe -P 5037 -s MBIN79RCUSHMV4PJ shell am start -W -n com.cisco.webex.meetings/com.cisco.webex.meetings.ui.premeeting.welcome.WelcomeActivity -S&#039; exited with code 255&#039;; Stderr: &#039;Security exception: Permission Denial: starting Intent { flg=0x10000000 cmp=com.cisco.webex.meetings/.ui.premeeting.welcome.WelcomeActivity } from null (pid=11676, uid=2000) not exported from uid 10174

java.lang.SecurityException: Permission Denial: starting Intent { flg=0x10000000 cmp=com.cisco.webex.meetings/.ui.premeeting.welcome.WelcomeActivity } from null (pid=11676, uid=2000) not exported from uid 10174
	at com.android.server.am.ActivityStackSupervisor.checkStartAnyActivityPermission(ActivityStackSupervisor.java:1980)
	at com.android.server.am.ActivityStarter.startActivity(ActivityStarter.java:1266)
	at com.android.server.am.ActivityStarter.startActivity(ActivityStarter.java:683)
	at com.android.server.am.ActivityStarter.startActivityMayWait(ActivityStarter.java:2271)
	at com.android.server.am.ActivityStarter.execute(ActivityStarter.java:622)
	at com.android.server.am.ActivityManagerService.startActivityAndWait(ActivityManagerService.java:6246)
	at com.android.server.am.ActivityManagerShellCommand.runStartActivity(ActivityManagerShellCommand.java:474)
	at com.android.server.am.ActivityManagerShellCommand.onCommand(ActivityManagerShellCommand.java:161)
	at android.os.ShellCommand.exec(ShellCommand.java:103)
	at com.android.server.am.ActivityManagerService.onShellCommand(ActivityManagerService.java:19184)
	at android.os.Binder.shellCommand(Binder.java:634)
	at android.os.Binder.onTransact(Binder.java:532)
	at android.app.IActivityManager$Stub.onTransact(IActivityManager.java:3498)
	at com.android.server.am.ActivityManagerService.onTransact(ActivityManagerService.java:3882)
	at com.android.server.am.OppoActivityManagerService.onTransact(OppoActivityManagerService.java:942)
	at android.os.Binder.execTransact(Binder.java:731)&#039;; Code: &#039;255&#039;
Build info: version: &#039;3.141.59&#039;, revision: &#039;e82be7d358&#039;, time: &#039;2018-11-14T08:17:03&#039;
System info: host: &#039;DESKTOP-6UHVP5N&#039;, ip: &#039;192.168.43.28&#039;, os.name: &#039;Windows 10&#039;, os.arch: &#039;amd64&#039;, os.version: &#039;10.0&#039;, java.version: &#039;1.8.0_101&#039;
Driver info: driver.version: AndroidDriver
remote stacktrace: UnknownError: An unknown server-side error occurred while processing the command. Original error: Cannot start the &#039;com.cisco.webex.meetings&#039; application. Visit https://github.com/appium/appium/blob/master/docs/en/writing-running-appium/android/activity-startup.md for troubleshooting. Original error: Error executing adbExec. Original error: &#039;Command &#039;C:\\Users\\iamsh\\AppData\\Local\\Android\\Sdk\\platform-tools\\adb.exe -P 5037 -s MBIN79RCUSHMV4PJ shell am start -W -n com.cisco.webex.meetings/com.cisco.webex.meetings.ui.premeeting.welcome.WelcomeActivity -S&#039; exited with code 255&#039;; Stderr: &#039;Security exception: Permission Denial: starting Intent { flg=0x10000000 cmp=com.cisco.webex.meetings/.ui.premeeting.welcome.WelcomeActivity } from null (pid=11676, uid=2000) not exported from uid 10174

java.lang.SecurityException: Permission Denial: starting Intent { flg=0x10000000 cmp=com.cisco.webex.meetings/.ui.premeeting.welcome.WelcomeActivity } from null (pid=11676, uid=2000) not exported from uid 10174
	at com.android.server.am.ActivityStackSupervisor.checkStartAnyActivityPermission(ActivityStackSupervisor.java:1980)
	at com.android.server.am.ActivityStarter.startActivity(ActivityStarter.java:1266)
	at com.android.server.am.ActivityStarter.startActivity(ActivityStarter.java:683)
	at com.android.server.am.ActivityStarter.startActivityMayWait(ActivityStarter.java:2271)
	at com.android.server.am.ActivityStarter.execute(ActivityStarter.java:622)
	at com.android.server.am.ActivityManagerService.startActivityAndWait(ActivityManagerService.java:6246)
	at com.android.server.am.ActivityManagerShellCommand.runStartActivity(ActivityManagerShellCommand.java:474)
	at com.android.server.am.ActivityManagerShellCommand.onCommand(ActivityManagerShellCommand.java:161)
	at android.os.ShellCommand.exec(ShellCommand.java:103)
	at com.android.server.am.ActivityManagerService.onShellCommand(ActivityManagerService.java:19184)
	at android.os.Binder.shellCommand(Binder.java:634)
	at android.os.Binder.onTransact(Binder.java:532)
	at android.app.IActivityManager$Stub.onTransact(IActivityManager.java:3498)
	at com.android.server.am.ActivityManagerService.onTransact(ActivityManagerService.java:3882)
	at com.android.server.am.OppoActivityManagerService.onTransact(OppoActivityManagerService.java:942)
	at android.os.Binder.execTransact(Binder.java:731)&#039;; Code: &#039;255&#039;
    at getResponseForW3CError (C:\Users\iamsh\AppData\Local\Programs\Appium\resources\app\node_modules\appium\node_modules\appium-base-driver\lib\protocol\errors.js:804:9)
    at asyncHandler (C:\Users\iamsh\AppData\Local\Programs\Appium\resources\app\node_modules\appium\node_modules\appium-base-driver\lib\protocol\protocol.js:388:37)
    at process._tickCallback (internal/process/next_tick.js:68:7)
Build info: version: &#039;3.141.59&#039;, revision: &#039;e82be7d358&#039;, time: &#039;2018-11-14T08:17:03&#039;
System info: host: &#039;DESKTOP-6UHVP5N&#039;, ip: &#039;192.168.43.28&#039;, os.name: &#039;Windows 10&#039;, os.arch: &#039;amd64&#039;, os.version: &#039;10.0&#039;, java.version: &#039;1.8.0_101&#039;
Driver info: driver.version: AndroidDriver">
      <![CDATA[org.openqa.selenium.SessionNotCreatedException: Unable to create a new remote session. Please check the server log for more details. Original error: An unknown server-side error occurred while processing the command. Original error: Cannot start the 'com.cisco.webex.meetings' application. Visit https://github.com/appium/appium/blob/master/docs/en/writing-running-appium/android/activity-startup.md for troubleshooting. Original error: Error executing adbExec. Original error: 'Command 'C:\\Users\\iamsh\\AppData\\Local\\Android\\Sdk\\platform-tools\\adb.exe -P 5037 -s MBIN79RCUSHMV4PJ shell am start -W -n com.cisco.webex.meetings/com.cisco.webex.meetings.ui.premeeting.welcome.WelcomeActivity -S' exited with code 255'; Stderr: 'Security exception: Permission Denial: starting Intent { flg=0x10000000 cmp=com.cisco.webex.meetings/.ui.premeeting.welcome.WelcomeActivity } from null (pid=11676, uid=2000) not exported from uid 10174

java.lang.SecurityException: Permission Denial: starting Intent { flg=0x10000000 cmp=com.cisco.webex.meetings/.ui.premeeting.welcome.WelcomeActivity } from null (pid=11676, uid=2000) not exported from uid 10174
at com.android.server.am.ActivityStackSupervisor.checkStartAnyActivityPermission(ActivityStackSupervisor.java:1980)
at com.android.server.am.ActivityStarter.startActivity(ActivityStarter.java:1266)
at com.android.server.am.ActivityStarter.startActivity(ActivityStarter.java:683)
at com.android.server.am.ActivityStarter.startActivityMayWait(ActivityStarter.java:2271)
at com.android.server.am.ActivityStarter.execute(ActivityStarter.java:622)
at com.android.server.am.ActivityManagerService.startActivityAndWait(ActivityManagerService.java:6246)
at com.android.server.am.ActivityManagerShellCommand.runStartActivity(ActivityManagerShellCommand.java:474)
at com.android.server.am.ActivityManagerShellCommand.onCommand(ActivityManagerShellCommand.java:161)
at android.os.ShellCommand.exec(ShellCommand.java:103)
at com.android.server.am.ActivityManagerService.onShellCommand(ActivityManagerService.java:19184)
at android.os.Binder.shellCommand(Binder.java:634)
at android.os.Binder.onTransact(Binder.java:532)
at android.app.IActivityManager$Stub.onTransact(IActivityManager.java:3498)
at com.android.server.am.ActivityManagerService.onTransact(ActivityManagerService.java:3882)
at com.android.server.am.OppoActivityManagerService.onTransact(OppoActivityManagerService.java:942)
at android.os.Binder.execTransact(Binder.java:731)'; Code: '255'
Build info: version: '3.141.59', revision: 'e82be7d358', time: '2018-11-14T08:17:03'
System info: host: 'DESKTOP-6UHVP5N', ip: '192.168.43.28', os.name: 'Windows 10', os.arch: 'amd64', os.version: '10.0', java.version: '1.8.0_101'
Driver info: driver.version: AndroidDriver
remote stacktrace: UnknownError: An unknown server-side error occurred while processing the command. Original error: Cannot start the 'com.cisco.webex.meetings' application. Visit https://github.com/appium/appium/blob/master/docs/en/writing-running-appium/android/activity-startup.md for troubleshooting. Original error: Error executing adbExec. Original error: 'Command 'C:\\Users\\iamsh\\AppData\\Local\\Android\\Sdk\\platform-tools\\adb.exe -P 5037 -s MBIN79RCUSHMV4PJ shell am start -W -n com.cisco.webex.meetings/com.cisco.webex.meetings.ui.premeeting.welcome.WelcomeActivity -S' exited with code 255'; Stderr: 'Security exception: Permission Denial: starting Intent { flg=0x10000000 cmp=com.cisco.webex.meetings/.ui.premeeting.welcome.WelcomeActivity } from null (pid=11676, uid=2000) not exported from uid 10174

java.lang.SecurityException: Permission Denial: starting Intent { flg=0x10000000 cmp=com.cisco.webex.meetings/.ui.premeeting.welcome.WelcomeActivity } from null (pid=11676, uid=2000) not exported from uid 10174
at com.android.server.am.ActivityStackSupervisor.checkStartAnyActivityPermission(ActivityStackSupervisor.java:1980)
at com.android.server.am.ActivityStarter.startActivity(ActivityStarter.java:1266)
at com.android.server.am.ActivityStarter.startActivity(ActivityStarter.java:683)
at com.android.server.am.ActivityStarter.startActivityMayWait(ActivityStarter.java:2271)
at com.android.server.am.ActivityStarter.execute(ActivityStarter.java:622)
at com.android.server.am.ActivityManagerService.startActivityAndWait(ActivityManagerService.java:6246)
at com.android.server.am.ActivityManagerShellCommand.runStartActivity(ActivityManagerShellCommand.java:474)
at com.android.server.am.ActivityManagerShellCommand.onCommand(ActivityManagerShellCommand.java:161)
at android.os.ShellCommand.exec(ShellCommand.java:103)
at com.android.server.am.ActivityManagerService.onShellCommand(ActivityManagerService.java:19184)
at android.os.Binder.shellCommand(Binder.java:634)
at android.os.Binder.onTransact(Binder.java:532)
at android.app.IActivityManager$Stub.onTransact(IActivityManager.java:3498)
at com.android.server.am.ActivityManagerService.onTransact(ActivityManagerService.java:3882)
at com.android.server.am.OppoActivityManagerService.onTransact(OppoActivityManagerService.java:942)
at android.os.Binder.execTransact(Binder.java:731)'; Code: '255'
    at getResponseForW3CError (C:\Users\iamsh\AppData\Local\Programs\Appium\resources\app\node_modules\appium\node_modules\appium-base-driver\lib\protocol\errors.js:804:9)
    at asyncHandler (C:\Users\iamsh\AppData\Local\Programs\Appium\resources\app\node_modules\appium\node_modules\appium-base-driver\lib\protocol\protocol.js:388:37)
    at process._tickCallback (internal/process/next_tick.js:68:7)
Build info: version: '3.141.59', revision: 'e82be7d358', time: '2018-11-14T08:17:03'
System info: host: 'DESKTOP-6UHVP5N', ip: '192.168.43.28', os.name: 'Windows 10', os.arch: 'amd64', os.version: '10.0', java.version: '1.8.0_101'
Driver info: driver.version: AndroidDriver
at io.appium.java_client.remote.AppiumCommandExecutor$1.createSession(AppiumCommandExecutor.java:208)
at io.appium.java_client.remote.AppiumCommandExecutor.createSession(AppiumCommandExecutor.java:217)
at io.appium.java_client.remote.AppiumCommandExecutor.execute(AppiumCommandExecutor.java:239)
at org.openqa.selenium.remote.RemoteWebDriver.execute(RemoteWebDriver.java:552)
at io.appium.java_client.DefaultGenericMobileDriver.execute(DefaultGenericMobileDriver.java:41)
at io.appium.java_client.AppiumDriver.execute(AppiumDriver.java:1)
at io.appium.java_client.android.AndroidDriver.execute(AndroidDriver.java:1)
at org.openqa.selenium.remote.RemoteWebDriver.startSession(RemoteWebDriver.java:213)
at io.appium.java_client.AppiumDriver.startSession(AppiumDriver.java:336)
at org.openqa.selenium.remote.RemoteWebDriver.<init>(RemoteWebDriver.java:131)
at io.appium.java_client.DefaultGenericMobileDriver.<init>(DefaultGenericMobileDriver.java:37)
at io.appium.java_client.AppiumDriver.<init>(AppiumDriver.java:88)
at io.appium.java_client.AppiumDriver.<init>(AppiumDriver.java:98)
at io.appium.java_client.android.AndroidDriver.<init>(AndroidDriver.java:94)
at TestNG.ApkAppInfo.beforeMethod(ApkAppInfo.java:42)
at sun.reflect.NativeMethodAccessorImpl.invoke0(Native Method)
at sun.reflect.NativeMethodAccessorImpl.invoke(Unknown Source)
at sun.reflect.DelegatingMethodAccessorImpl.invoke(Unknown Source)
at java.lang.reflect.Method.invoke(Unknown Source)
at org.testng.internal.MethodInvocationHelper.invokeMethod(MethodInvocationHelper.java:124)
at org.testng.internal.MethodInvocationHelper.invokeMethodConsideringTimeout(MethodInvocationHelper.java:59)
at org.testng.internal.Invoker.invokeConfigurationMethod(Invoker.java:458)
at org.testng.internal.Invoker.invokeConfigurations(Invoker.java:222)
at org.testng.internal.Invoker.invokeMethod(Invoker.java:523)
at org.testng.internal.Invoker.invokeTestMethod(Invoker.java:719)
at org.testng.internal.Invoker.invokeTestMethods(Invoker.java:989)
at org.testng.internal.TestMethodWorker.invokeTestMethods(TestMethodWorker.java:125)
at org.testng.internal.TestMethodWorker.run(TestMethodWorker.java:109)
at org.testng.TestRunner.privateRun(TestRunner.java:648)
at org.testng.TestRunner.run(TestRunner.java:505)
at org.testng.SuiteRunner.runTest(SuiteRunner.java:455)
at org.testng.SuiteRunner.runSequentially(SuiteRunner.java:450)
at org.testng.SuiteRunner.privateRun(SuiteRunner.java:415)
at org.testng.SuiteRunner.run(SuiteRunner.java:364)
at org.testng.SuiteRunnerWorker.runSuite(SuiteRunnerWorker.java:52)
at org.testng.SuiteRunnerWorker.run(SuiteRunnerWorker.java:84)
at org.testng.TestNG.runSuitesSequentially(TestNG.java:1208)
at org.testng.TestNG.runSuitesLocally(TestNG.java:1137)
at org.testng.TestNG.runSuites(TestNG.java:1049)
at org.testng.TestNG.run(TestNG.java:1017)
at org.testng.remote.AbstractRemoteTestNG.run(AbstractRemoteTestNG.java:115)
at org.testng.remote.RemoteTestNG.initAndRun(RemoteTestNG.java:251)
at org.testng.remote.RemoteTestNG.main(RemoteTestNG.java:77)
Caused by: java.lang.reflect.InvocationTargetException
at sun.reflect.NativeMethodAccessorImpl.invoke0(Native Method)
at sun.reflect.NativeMethodAccessorImpl.invoke(Unknown Source)
at sun.reflect.DelegatingMethodAccessorImpl.invoke(Unknown Source)
at java.lang.reflect.Method.invoke(Unknown Source)
at io.appium.java_client.remote.AppiumCommandExecutor$1.createSession(AppiumCommandExecutor.java:186)
... 42 more
Caused by: org.openqa.selenium.WebDriverException: An unknown server-side error occurred while processing the command. Original error: Cannot start the 'com.cisco.webex.meetings' application. Visit https://github.com/appium/appium/blob/master/docs/en/writing-running-appium/android/activity-startup.md for troubleshooting. Original error: Error executing adbExec. Original error: 'Command 'C:\\Users\\iamsh\\AppData\\Local\\Android\\Sdk\\platform-tools\\adb.exe -P 5037 -s MBIN79RCUSHMV4PJ shell am start -W -n com.cisco.webex.meetings/com.cisco.webex.meetings.ui.premeeting.welcome.WelcomeActivity -S' exited with code 255'; Stderr: 'Security exception: Permission Denial: starting Intent { flg=0x10000000 cmp=com.cisco.webex.meetings/.ui.premeeting.welcome.WelcomeActivity } from null (pid=11676, uid=2000) not exported from uid 10174

java.lang.SecurityException: Permission Denial: starting Intent { flg=0x10000000 cmp=com.cisco.webex.meetings/.ui.premeeting.welcome.WelcomeActivity } from null (pid=11676, uid=2000) not exported from uid 10174
at com.android.server.am.ActivityStackSupervisor.checkStartAnyActivityPermission(ActivityStackSupervisor.java:1980)
at com.android.server.am.ActivityStarter.startActivity(ActivityStarter.java:1266)
at com.android.server.am.ActivityStarter.startActivity(ActivityStarter.java:683)
at com.android.server.am.ActivityStarter.startActivityMayWait(ActivityStarter.java:2271)
at com.android.server.am.ActivityStarter.execute(ActivityStarter.java:622)
at com.android.server.am.ActivityManagerService.startActivityAndWait(ActivityManagerService.java:6246)
at com.android.server.am.ActivityManagerShellCommand.runStartActivity(ActivityManagerShellCommand.java:474)
at com.android.server.am.ActivityManagerShellCommand.onCommand(ActivityManagerShellCommand.java:161)
at android.os.ShellCommand.exec(ShellCommand.java:103)
at com.android.server.am.ActivityManagerService.onShellCommand(ActivityManagerService.java:19184)
at android.os.Binder.shellCommand(Binder.java:634)
at android.os.Binder.onTransact(Binder.java:532)
at android.app.IActivityManager$Stub.onTransact(IActivityManager.java:3498)
at com.android.server.am.ActivityManagerService.onTransact(ActivityManagerService.java:3882)
at com.android.server.am.OppoActivityManagerService.onTransact(OppoActivityManagerService.java:942)
at android.os.Binder.execTransact(Binder.java:731)'; Code: '255'
Build info: version: '3.141.59', revision: 'e82be7d358', time: '2018-11-14T08:17:03'
System info: host: 'DESKTOP-6UHVP5N', ip: '192.168.43.28', os.name: 'Windows 10', os.arch: 'amd64', os.version: '10.0', java.version: '1.8.0_101'
Driver info: driver.version: AndroidDriver
remote stacktrace: UnknownError: An unknown server-side error occurred while processing the command. Original error: Cannot start the 'com.cisco.webex.meetings' application. Visit https://github.com/appium/appium/blob/master/docs/en/writing-running-appium/android/activity-startup.md for troubleshooting. Original error: Error executing adbExec. Original error: 'Command 'C:\\Users\\iamsh\\AppData\\Local\\Android\\Sdk\\platform-tools\\adb.exe -P 5037 -s MBIN79RCUSHMV4PJ shell am start -W -n com.cisco.webex.meetings/com.cisco.webex.meetings.ui.premeeting.welcome.WelcomeActivity -S' exited with code 255'; Stderr: 'Security exception: Permission Denial: starting Intent { flg=0x10000000 cmp=com.cisco.webex.meetings/.ui.premeeting.welcome.WelcomeActivity } from null (pid=11676, uid=2000) not exported from uid 10174

java.lang.SecurityException: Permission Denial: starting Intent { flg=0x10000000 cmp=com.cisco.webex.meetings/.ui.premeeting.welcome.WelcomeActivity } from null (pid=11676, uid=2000) not exported from uid 10174
at com.android.server.am.ActivityStackSupervisor.checkStartAnyActivityPermission(ActivityStackSupervisor.java:1980)
at com.android.server.am.ActivityStarter.startActivity(ActivityStarter.java:1266)
at com.android.server.am.ActivityStarter.startActivity(ActivityStarter.java:683)
at com.android.server.am.ActivityStarter.startActivityMayWait(ActivityStarter.java:2271)
at com.android.server.am.ActivityStarter.execute(ActivityStarter.java:622)
at com.android.server.am.ActivityManagerService.startActivityAndWait(ActivityManagerService.java:6246)
at com.android.server.am.ActivityManagerShellCommand.runStartActivity(ActivityManagerShellCommand.java:474)
at com.android.server.am.ActivityManagerShellCommand.onCommand(ActivityManagerShellCommand.java:161)
at android.os.ShellCommand.exec(ShellCommand.java:103)
at com.android.server.am.ActivityManagerService.onShellCommand(ActivityManagerService.java:19184)
at android.os.Binder.shellCommand(Binder.java:634)
at android.os.Binder.onTransact(Binder.java:532)
at android.app.IActivityManager$Stub.onTransact(IActivityManager.java:3498)
at com.android.server.am.ActivityManagerService.onTransact(ActivityManagerService.java:3882)
at com.android.server.am.OppoActivityManagerService.onTransact(OppoActivityManagerService.java:942)
at android.os.Binder.execTransact(Binder.java:731)'; Code: '255'
    at getResponseForW3CError (C:\Users\iamsh\AppData\Local\Programs\Appium\resources\app\node_modules\appium\node_modules\appium-base-driver\lib\protocol\errors.js:804:9)
    at asyncHandler (C:\Users\iamsh\AppData\Local\Programs\Appium\resources\app\node_modules\appium\node_modules\appium-base-driver\lib\protocol\protocol.js:388:37)
    at process._tickCallback (internal/process/next_tick.js:68:7)
at sun.reflect.NativeConstructorAccessorImpl.newInstance0(Native Method)
at sun.reflect.NativeConstructorAccessorImpl.newInstance(Unknown Source)
at sun.reflect.DelegatingConstructorAccessorImpl.newInstance(Unknown Source)
at java.lang.reflect.Constructor.newInstance(Unknown Source)
at org.openqa.selenium.remote.W3CHandshakeResponse.lambda$errorHandler$0(W3CHandshakeResponse.java:62)
at org.openqa.selenium.remote.HandshakeResponse.lambda$getResponseFunction$0(HandshakeResponse.java:30)
at org.openqa.selenium.remote.ProtocolHandshake.lambda$createSession$0(ProtocolHandshake.java:126)
at java.util.stream.ReferencePipeline$3$1.accept(Unknown Source)
at java.util.Spliterators$ArraySpliterator.tryAdvance(Unknown Source)
at java.util.stream.ReferencePipeline.forEachWithCancel(Unknown Source)
at java.util.stream.AbstractPipeline.copyIntoWithCancel(Unknown Source)
at java.util.stream.AbstractPipeline.copyInto(Unknown Source)
at java.util.stream.AbstractPipeline.wrapAndCopyInto(Unknown Source)
at java.util.stream.FindOps$FindOp.evaluateSequential(Unknown Source)
at java.util.stream.AbstractPipeline.evaluate(Unknown Source)
at java.util.stream.ReferencePipeline.findFirst(Unknown Source)
at org.openqa.selenium.remote.ProtocolHandshake.createSession(ProtocolHandshake.java:128)
... 47 more
]]>
    </error>
  </testcase> <!-- beforeMethod -->
  <testcase name="main" time="0.000" classname="TestNG.ApkAppInfo">
    <skipped/>
  </testcase> <!-- main -->
</testsuite> <!-- TestNG.ApkAppInfo -->
