<?xml version="1.0" encoding="UTF-8"?>
<!-- Generated by org.testng.reporters.JUnitReportReporter -->
<testsuite skipped="0" hostname="LAPTOP-HSGRKHEI" name="demo1.Test2" tests="1" failures="0" timestamp="18 May 2020 09:41:15 GMT" time="28.726" errors="0">
  <testcase name="deletePost" time="28.726" classname="demo1.Test2"/>
</testsuite> <!-- demo1.Test2 -->
