<?xml version="1.0" encoding="UTF-8"?>
<!-- Generated by org.testng.reporters.JUnitReportReporter -->
<testsuite skipped="0" hostname="LAPTOP-HSGRKHEI" name="demo.Test1" tests="1" failures="0" timestamp="18 May 2020 09:41:15 GMT" time="58.581" errors="0">
  <testcase name="addBlogPosts" time="58.581" classname="demo.Test1"/>
</testsuite> <!-- demo.Test1 -->
